<?xml version="1.0" encoding="UTF-8"?>
<!-- Generated by org.testng.reporters.JUnitReportReporter -->
<testsuite hostname="MSI" failures="0" tests="1" name="com.juaracoding.pageobject.TestRandomPokemon" time="1.408" errors="0" timestamp="2022-08-15T21:20:26 WIB" skipped="0">
  <testcase classname="com.juaracoding.pageobject.TestRandomPokemon" name="testInvalidlogin" time="1.408"/>
  <system-out/>
</testsuite> <!-- com.juaracoding.pageobject.TestRandomPokemon -->
