<?xml version="1.0" encoding="UTF-8"?>
<!-- Generated by org.testng.reporters.JUnitReportReporter -->
<testsuite hostname="MSI" failures="0" tests="1" name="com.juaracoding.pageobject.TestLoginSiloan" time="0.312" errors="0" timestamp="2022-08-15T20:47:30 WIB" skipped="0">
  <testcase classname="com.juaracoding.pageobject.TestLoginSiloan" name="testInvalidlogin" time="0.312"/>
  <system-out/>
</testsuite> <!-- com.juaracoding.pageobject.TestLoginSiloan -->
