<?xml version="1.0" encoding="UTF-8"?>
<!-- Generated by org.testng.reporters.JUnitReportReporter -->
<testsuite hostname="MSI" failures="0" tests="1" name="com.juaracoding.pageobject.TestSampleFrame" time="0.064" errors="0" timestamp="2022-08-16T20:01:55 WIB" skipped="0">
  <testcase classname="com.juaracoding.pageobject.TestSampleFrame" name="TestFrame" time="0.064"/>
  <system-out/>
</testsuite> <!-- com.juaracoding.pageobject.TestSampleFrame -->
