<?xml version="1.0" encoding="UTF-8"?>
<!-- Generated by org.testng.reporters.JUnitReportReporter -->
<testsuite hostname="MSI" failures="0" tests="1" name="com.juaracoding.pageobject.TestModal" time="0.278" errors="0" timestamp="2022-08-18T19:50:44 WIB" skipped="0">
  <testcase classname="com.juaracoding.pageobject.TestModal" name="TestModalTitle" time="0.278"/>
  <system-out/>
</testsuite> <!-- com.juaracoding.pageobject.TestModal -->
