<?xml version="1.0" encoding="UTF-8"?>
<!-- Generated by org.testng.reporters.JUnitReportReporter -->
<testsuite hostname="MSI" failures="0" tests="2" name="com.juaracoding.pageobject.TestPostTest18" time="15.970" errors="0" timestamp="2022-08-19T00:42:21 WIB" skipped="0">
  <testcase classname="com.juaracoding.pageobject.TestPostTest18" name="testSearchSatu" time="7.276"/>
  <system-out/>
  <testcase classname="com.juaracoding.pageobject.TestPostTest18" name="testSearchDua" time="8.694"/>
  <system-out/>
</testsuite> <!-- com.juaracoding.pageobject.TestPostTest18 -->
