<?xml version="1.0" encoding="UTF-8"?>
<!-- Generated by org.testng.reporters.JUnitReportReporter -->
<testsuite hostname="MSI" failures="0" tests="1" name="com.juaracoding.pageobject.TestSampleAlert" time="4.144" errors="0" timestamp="2022-08-16T21:18:48 WIB" skipped="0">
  <testcase classname="com.juaracoding.pageobject.TestSampleAlert" name="TestAlert2" time="4.144"/>
  <system-out/>
</testsuite> <!-- com.juaracoding.pageobject.TestSampleAlert -->
