<?xml version="1.0" encoding="UTF-8"?>
<!-- Generated by org.testng.reporters.JUnitReportReporter -->
<testsuite hostname="MSI" failures="0" tests="1" name="com.juaracoding.pageobject.TestSampleForm" time="0.082" errors="0" timestamp="2022-08-18T21:12:52 WIB" skipped="0">
  <testcase classname="com.juaracoding.pageobject.TestSampleForm" name="testformUpload" time="0.082"/>
  <system-out/>
</testsuite> <!-- com.juaracoding.pageobject.TestSampleForm -->
