<?xml version="1.0" encoding="UTF-8"?>
<!-- Generated by org.testng.reporters.JUnitReportReporter -->
<testsuite hostname="MSI" failures="0" tests="1" name="com.juaracoding.pageobject.TestLogin" time="0.311" errors="0" timestamp="2022-08-15T20:10:38 WIB" skipped="0">
  <testcase classname="com.juaracoding.pageobject.TestLogin" name="testMissingUsern" time="0.311"/>
  <system-out/>
</testsuite> <!-- com.juaracoding.pageobject.TestLogin -->
